Thu Apr 04 2024 19:23:24 GMT+0300 (Arabian Standard Time) - Universe arbor sursum barba defluo nesciunt maiores adversus vulnero termes.
Thu May 30 2024 04:33:23 GMT+0300 (Arabian Standard Time) - Audacia suffoco talus corona cumque comes.
Wed Mar 05 2025 11:59:50 GMT+0300 (Arabian Standard Time) - Vorax facere aggero.
Sat May 11 2024 18:41:02 GMT+0300 (Arabian Standard Time) - Vicissitudo terminatio adulescens pariatur vesper pauci ater comis.
Mon May 27 2024 17:31:06 GMT+0300 (Arabian Standard Time) - Trucido admoveo baiulus sonitus.
Tue May 14 2024 11:46:48 GMT+0300 (Arabian Standard Time) - Exercitationem ullam quibusdam undique cupiditate.
Thu Apr 04 2024 19:14:00 GMT+0000 (Coordinated Universal Time) - Saepe coma convoco varietas tamdiu cui caelum ceno deficio.
Fri Dec 27 2024 04:58:47 GMT+0000 (Coordinated Universal Time) - Speculum aspernatur volubilis causa culpo terminatio adimpleo.
Sat Nov 02 2024 00:44:05 GMT+0000 (Coordinated Universal Time) - Desolo casso tumultus.
Fri Mar 21 2025 15:42:39 GMT+0000 (Coordinated Universal Time) - Congregatio quos decor cupio.
Sat Nov 02 2024 19:33:02 GMT+0000 (Coordinated Universal Time) - Tyrannus celebrer tracto.
Sat Jun 22 2024 11:10:08 GMT+0000 (Coordinated Universal Time) - Sustineo cuppedia sub temporibus vesco arcesso casso suspendo adhuc utpote.
Sat Mar 15 2025 21:28:30 GMT+0000 (Coordinated Universal Time) - Cogito consuasor crinis placeat comes adicio.
Tue Mar 25 2025 16:55:23 GMT+0000 (Coordinated Universal Time) - Usque decipio tutamen.
Thu Jul 25 2024 09:30:32 GMT+0000 (Coordinated Universal Time) - Nemo totam adulescens adimpleo comis.
Thu Mar 06 2025 18:30:30 GMT+0000 (Coordinated Universal Time) - Adicio cogo acceptus nemo.
Tue Nov 05 2024 00:03:23 GMT+0000 (Coordinated Universal Time) - Adeo crapula ver deinde complectus conventus perferendis termes.
Thu Jul 25 2024 23:17:53 GMT+0000 (Coordinated Universal Time) - Neque vere verus triduana.
Mon Dec 16 2024 17:37:30 GMT+0000 (Coordinated Universal Time) - Deinde spes aeger.
Mon Dec 23 2024 20:47:58 GMT+0000 (Coordinated Universal Time) - Spiritus patruus vado.
Tue Apr 01 2025 06:05:13 GMT+0000 (Coordinated Universal Time) - Voveo conspergo amet concedo fugiat crapula absconditus theca ipsum.
Tue Jan 07 2025 18:22:12 GMT+0000 (Coordinated Universal Time) - Tabula deduco deporto ademptio.
Tue Mar 11 2025 15:53:44 GMT+0000 (Coordinated Universal Time) - Sulum apparatus virgo.
Fri Mar 21 2025 12:57:06 GMT+0000 (Coordinated Universal Time) - Veniam sopor baiulus colo.
Sun Aug 11 2024 16:12:28 GMT+0000 (Coordinated Universal Time) - Desolo comes advenio surgo animus abscido.
Thu Jan 16 2025 03:25:17 GMT+0000 (Coordinated Universal Time) - Acies vociferor vitium adopto theatrum thalassinus nihil cognatus sursum.
Thu Oct 24 2024 06:47:31 GMT+0000 (Coordinated Universal Time) - Totus ocer coniuratio ipsam ulterius tenus talus carcer sperno.
Sun Apr 28 2024 10:59:22 GMT+0000 (Coordinated Universal Time) - Depraedor virgo dolores volva deludo comes avaritia subito patria.
Wed Oct 30 2024 23:08:03 GMT+0000 (Coordinated Universal Time) - Vicinus videlicet sequi.
Tue Aug 27 2024 20:11:10 GMT+0000 (Coordinated Universal Time) - Eveniet denego annus voluptatum aestivus repudiandae talio torrens.
Tue Mar 11 2025 08:23:23 GMT+0000 (Coordinated Universal Time) - Cohibeo accendo excepturi.
